<?xml version="1.0" encoding="UTF-8"?>
<!-- Generated by org.testng.reporters.JUnitReportReporter -->
<testsuite hostname="DESKTOP-AQI11SJ" failures="0" tests="1" name="com.practice.JenkinPractice2Test" time="0.009" errors="0" timestamp="2023-03-10T14:43:17 IST" skipped="0">
  <testcase classname="com.practice.JenkinPractice2Test" name="jenkinPractice2" time="0.009"/>
  <system-out/>
</testsuite> <!-- com.practice.JenkinPractice2Test -->
