<?xml version="1.0" encoding="UTF-8"?>
<!-- Generated by org.testng.reporters.JUnitReportReporter -->
<testsuite hostname="DESKTOP-AQI11SJ" failures="0" tests="1" name="com.practice.JenkinPracticeTest" time="0.002" errors="0" timestamp="2023-03-10T14:43:17 IST" skipped="0">
  <testcase classname="com.practice.JenkinPracticeTest" name="jenkinPractice" time="0.002"/>
  <system-out/>
</testsuite> <!-- com.practice.JenkinPracticeTest -->
