<?xml version="1.0" encoding="UTF-8"?>
<!-- Generated by org.testng.reporters.JUnitReportReporter -->
<testsuite skipped="0" hostname="DESKTOP-AQI11SJ" name="com.practice.JenkinPractice2Test" tests="1" failures="0" timestamp="2023-03-10T14:55:12 IST" time="0.006" errors="0">
  <testcase name="jenkinPractice2" time="0.006" classname="com.practice.JenkinPractice2Test"/>
  <system-out/>
</testsuite> <!-- com.practice.JenkinPractice2Test -->
