<?xml version="1.0" encoding="UTF-8"?>
<!-- Generated by org.testng.reporters.JUnitReportReporter -->
<testsuite skipped="0" hostname="DESKTOP-AQI11SJ" name="com.practice.JenkinPracticeTest" tests="1" failures="0" timestamp="2023-03-10T17:48:28 IST" time="0.002" errors="0">
  <testcase name="jenkinPractice" time="0.002" classname="com.practice.JenkinPracticeTest"/>
  <system-out/>
</testsuite> <!-- com.practice.JenkinPracticeTest -->
